[2023-10-20T16:44:33.901+0000] {manager.py:487} INFO - Processing files using up to 2 processes at a time 
[2023-10-20T16:44:33.902+0000] {manager.py:488} INFO - Process each file at most once every 15 seconds
[2023-10-20T16:44:33.902+0000] {manager.py:489} INFO - Checking for new files in /opt/airflow/dags every 300 seconds
[2023-10-20T16:44:33.902+0000] {manager.py:758} INFO - Searching for files in /opt/airflow/dags
[2023-10-20T16:44:33.906+0000] {manager.py:761} INFO - There are 1 files in /opt/airflow/dags
[2023-10-20T16:44:33.988+0000] {manager.py:889} INFO - 
================================================================================
DAG File Processing Stats

File Path                            PID  Runtime      # DAGs    # Errors  Last Runtime    Last Run
---------------------------------  -----  ---------  --------  ----------  --------------  ----------
/opt/airflow/dags/rss_news_dag.py     21  0.04s             0           0
================================================================================
[2023-10-20T16:45:04.128+0000] {manager.py:889} INFO - 
================================================================================
DAG File Processing Stats

File Path                            PID  Runtime      # DAGs    # Errors  Last Runtime    Last Run
---------------------------------  -----  ---------  --------  ----------  --------------  -------------------
/opt/airflow/dags/rss_news_dag.py     46  0.00s             0           1  0.05s           2023-10-20T16:44:49
================================================================================
[2023-10-20T16:45:34.323+0000] {manager.py:889} INFO - 
================================================================================
DAG File Processing Stats

File Path                            PID  Runtime      # DAGs    # Errors  Last Runtime    Last Run
---------------------------------  -----  ---------  --------  ----------  --------------  -------------------
/opt/airflow/dags/rss_news_dag.py     61  0.00s             0           1  0.04s           2023-10-20T16:45:19
================================================================================
[2023-10-20T16:46:04.478+0000] {manager.py:889} INFO - 
================================================================================
DAG File Processing Stats

File Path                            PID  Runtime      # DAGs    # Errors  Last Runtime    Last Run
---------------------------------  -----  ---------  --------  ----------  --------------  -------------------
/opt/airflow/dags/rss_news_dag.py     84  0.01s             0           1  0.04s           2023-10-20T16:45:49
================================================================================
[2023-10-20T16:46:34.649+0000] {manager.py:889} INFO - 
================================================================================
DAG File Processing Stats

File Path                            PID  Runtime      # DAGs    # Errors  Last Runtime    Last Run
---------------------------------  -----  ---------  --------  ----------  --------------  -------------------
/opt/airflow/dags/rss_news_dag.py    100  0.01s             0           1  0.06s           2023-10-20T16:46:19
================================================================================
[2023-10-20T16:47:04.794+0000] {manager.py:889} INFO - 
================================================================================
DAG File Processing Stats

File Path                            PID  Runtime      # DAGs    # Errors  Last Runtime    Last Run
---------------------------------  -----  ---------  --------  ----------  --------------  -------------------
/opt/airflow/dags/rss_news_dag.py    123  0.00s             0           1  0.04s           2023-10-20T16:46:49
================================================================================
[2023-10-20T16:47:34.946+0000] {manager.py:889} INFO - 
================================================================================
DAG File Processing Stats

File Path                            PID  Runtime      # DAGs    # Errors  Last Runtime    Last Run
---------------------------------  -----  ---------  --------  ----------  --------------  -------------------
/opt/airflow/dags/rss_news_dag.py    139  0.00s             0           1  0.04s           2023-10-20T16:47:19
================================================================================
[2023-10-20T16:48:05.112+0000] {manager.py:889} INFO - 
================================================================================
DAG File Processing Stats

File Path                            PID  Runtime      # DAGs    # Errors  Last Runtime    Last Run
---------------------------------  -----  ---------  --------  ----------  --------------  -------------------
/opt/airflow/dags/rss_news_dag.py    160  0.00s             0           1  0.04s           2023-10-20T16:47:50
================================================================================
[2023-10-20T16:50:08.758+0000] {manager.py:487} INFO - Processing files using up to 2 processes at a time 
[2023-10-20T16:50:08.774+0000] {manager.py:488} INFO - Process each file at most once every 15 seconds
[2023-10-20T16:50:08.774+0000] {manager.py:489} INFO - Checking for new files in /opt/airflow/dags every 300 seconds
[2023-10-20T16:50:08.775+0000] {manager.py:758} INFO - Searching for files in /opt/airflow/dags
[2023-10-20T16:50:08.802+0000] {manager.py:761} INFO - There are 1 files in /opt/airflow/dags
[2023-10-20T16:50:08.944+0000] {manager.py:889} INFO - 
================================================================================
DAG File Processing Stats

File Path                            PID  Runtime      # DAGs    # Errors  Last Runtime    Last Run
---------------------------------  -----  ---------  --------  ----------  --------------  ----------
/opt/airflow/dags/rss_news_dag.py     27  0.07s             0           0
================================================================================
[2023-10-20T16:50:39.097+0000] {manager.py:889} INFO - 
================================================================================
DAG File Processing Stats

File Path                            PID  Runtime      # DAGs    # Errors  Last Runtime    Last Run
---------------------------------  -----  ---------  --------  ----------  --------------  -------------------
/opt/airflow/dags/rss_news_dag.py     43  0.01s             0           1  0.04s           2023-10-20T16:50:24
================================================================================
[2023-10-20T16:51:09.241+0000] {manager.py:889} INFO - 
================================================================================
DAG File Processing Stats

File Path                            PID  Runtime      # DAGs    # Errors  Last Runtime    Last Run
---------------------------------  -----  ---------  --------  ----------  --------------  -------------------
/opt/airflow/dags/rss_news_dag.py     65  0.00s             0           1  0.03s           2023-10-20T16:50:54
================================================================================
[2023-10-20T16:51:39.380+0000] {manager.py:889} INFO - 
================================================================================
DAG File Processing Stats

File Path                            PID  Runtime      # DAGs    # Errors  Last Runtime    Last Run
---------------------------------  -----  ---------  --------  ----------  --------------  -------------------
/opt/airflow/dags/rss_news_dag.py     80  0.00s             0           1  0.03s           2023-10-20T16:51:24
================================================================================
[2023-10-20T16:52:09.511+0000] {manager.py:889} INFO - 
================================================================================
DAG File Processing Stats

File Path                            PID  Runtime      # DAGs    # Errors  Last Runtime    Last Run
---------------------------------  -----  ---------  --------  ----------  --------------  -------------------
/opt/airflow/dags/rss_news_dag.py    103  0.00s             0           1  0.03s           2023-10-20T16:51:54
================================================================================
[2023-10-20T16:52:39.647+0000] {manager.py:889} INFO - 
================================================================================
DAG File Processing Stats

File Path                            PID  Runtime      # DAGs    # Errors  Last Runtime    Last Run
---------------------------------  -----  ---------  --------  ----------  --------------  -------------------
/opt/airflow/dags/rss_news_dag.py    119  0.00s             0           1  0.04s           2023-10-20T16:52:24
================================================================================
[2023-10-20T16:53:09.799+0000] {manager.py:889} INFO - 
================================================================================
DAG File Processing Stats

File Path                            PID  Runtime      # DAGs    # Errors  Last Runtime    Last Run
---------------------------------  -----  ---------  --------  ----------  --------------  -------------------
/opt/airflow/dags/rss_news_dag.py    143  0.00s             0           1  0.04s           2023-10-20T16:52:54
================================================================================
[2023-10-20T16:56:10.002+0000] {manager.py:487} INFO - Processing files using up to 2 processes at a time 
[2023-10-20T16:56:10.011+0000] {manager.py:488} INFO - Process each file at most once every 15 seconds
[2023-10-20T16:56:10.011+0000] {manager.py:489} INFO - Checking for new files in /opt/airflow/dags every 300 seconds
[2023-10-20T16:56:10.014+0000] {manager.py:758} INFO - Searching for files in /opt/airflow/dags
[2023-10-20T16:56:10.029+0000] {manager.py:761} INFO - There are 1 files in /opt/airflow/dags
[2023-10-20T16:56:10.209+0000] {manager.py:889} INFO - 
================================================================================
DAG File Processing Stats

File Path                            PID  Runtime      # DAGs    # Errors  Last Runtime    Last Run
---------------------------------  -----  ---------  --------  ----------  --------------  ----------
/opt/airflow/dags/rss_news_dag.py     28  0.06s             0           0
================================================================================
[2023-10-20T16:56:40.511+0000] {manager.py:889} INFO - 
================================================================================
DAG File Processing Stats

File Path                            PID  Runtime      # DAGs    # Errors  Last Runtime    Last Run
---------------------------------  -----  ---------  --------  ----------  --------------  -------------------
/opt/airflow/dags/rss_news_dag.py     44  0.01s             0           1  0.03s           2023-10-20T16:56:25
================================================================================
[2023-10-20T16:57:10.663+0000] {manager.py:889} INFO - 
================================================================================
DAG File Processing Stats

File Path                            PID  Runtime      # DAGs    # Errors  Last Runtime    Last Run
---------------------------------  -----  ---------  --------  ----------  --------------  -------------------
/opt/airflow/dags/rss_news_dag.py     66  0.00s             0           1  0.04s           2023-10-20T16:56:55
================================================================================
[2023-10-20T16:57:40.814+0000] {manager.py:889} INFO - 
================================================================================
DAG File Processing Stats

File Path                            PID  Runtime      # DAGs    # Errors  Last Runtime    Last Run
---------------------------------  -----  ---------  --------  ----------  --------------  -------------------
/opt/airflow/dags/rss_news_dag.py     83  0.00s             0           1  0.03s           2023-10-20T16:57:25
================================================================================
[2023-10-20T16:58:10.953+0000] {manager.py:889} INFO - 
================================================================================
DAG File Processing Stats

File Path                            PID  Runtime      # DAGs    # Errors  Last Runtime    Last Run
---------------------------------  -----  ---------  --------  ----------  --------------  -------------------
/opt/airflow/dags/rss_news_dag.py    106  0.00s             0           1  0.03s           2023-10-20T16:57:55
================================================================================
[2023-10-20T16:58:41.112+0000] {manager.py:889} INFO - 
================================================================================
DAG File Processing Stats

File Path                            PID  Runtime      # DAGs    # Errors  Last Runtime    Last Run
---------------------------------  -----  ---------  --------  ----------  --------------  -------------------
/opt/airflow/dags/rss_news_dag.py    123  0.01s             0           1  0.03s           2023-10-20T16:58:26
================================================================================
[2023-10-20T17:05:28.216+0000] {manager.py:487} INFO - Processing files using up to 2 processes at a time 
[2023-10-20T17:05:28.216+0000] {manager.py:488} INFO - Process each file at most once every 15 seconds
[2023-10-20T17:05:28.216+0000] {manager.py:489} INFO - Checking for new files in /opt/airflow/dags every 300 seconds
[2023-10-20T17:05:28.217+0000] {manager.py:758} INFO - Searching for files in /opt/airflow/dags
[2023-10-20T17:05:28.221+0000] {manager.py:761} INFO - There are 1 files in /opt/airflow/dags
[2023-10-20T17:05:28.292+0000] {manager.py:889} INFO - 
================================================================================
DAG File Processing Stats

File Path                            PID  Runtime      # DAGs    # Errors  Last Runtime    Last Run
---------------------------------  -----  ---------  --------  ----------  --------------  ----------
/opt/airflow/dags/rss_news_dag.py     31  0.04s             0           0
================================================================================
[2023-10-20T17:05:58.416+0000] {manager.py:889} INFO - 
================================================================================
DAG File Processing Stats

File Path                            PID  Runtime      # DAGs    # Errors  Last Runtime    Last Run
---------------------------------  -----  ---------  --------  ----------  --------------  -------------------
/opt/airflow/dags/rss_news_dag.py     47  0.00s             0           1  0.03s           2023-10-20T17:05:43
================================================================================
[2023-10-20T17:06:28.558+0000] {manager.py:889} INFO - 
================================================================================
DAG File Processing Stats

File Path                            PID  Runtime      # DAGs    # Errors  Last Runtime    Last Run
---------------------------------  -----  ---------  --------  ----------  --------------  -------------------
/opt/airflow/dags/rss_news_dag.py     70  0.00s             0           1  0.04s           2023-10-20T17:06:13
================================================================================
[2023-10-20T17:06:58.709+0000] {manager.py:889} INFO - 
================================================================================
DAG File Processing Stats

File Path                            PID  Runtime      # DAGs    # Errors  Last Runtime    Last Run
---------------------------------  -----  ---------  --------  ----------  --------------  -------------------
/opt/airflow/dags/rss_news_dag.py     86  0.01s             0           1  0.04s           2023-10-20T17:06:43
================================================================================
[2023-10-20T17:07:28.863+0000] {manager.py:889} INFO - 
================================================================================
DAG File Processing Stats

File Path                            PID  Runtime      # DAGs    # Errors  Last Runtime    Last Run
---------------------------------  -----  ---------  --------  ----------  --------------  -------------------
/opt/airflow/dags/rss_news_dag.py    108  0.01s             0           1  0.03s           2023-10-20T17:07:13
================================================================================
[2023-10-20T17:07:59.006+0000] {manager.py:889} INFO - 
================================================================================
DAG File Processing Stats

File Path                            PID  Runtime      # DAGs    # Errors  Last Runtime    Last Run
---------------------------------  -----  ---------  --------  ----------  --------------  -------------------
/opt/airflow/dags/rss_news_dag.py    124  0.01s             0           1  0.04s           2023-10-20T17:07:43
================================================================================
[2023-10-20T17:08:29.151+0000] {manager.py:889} INFO - 
================================================================================
DAG File Processing Stats

File Path                            PID  Runtime      # DAGs    # Errors  Last Runtime    Last Run
---------------------------------  -----  ---------  --------  ----------  --------------  -------------------
/opt/airflow/dags/rss_news_dag.py    147  0.00s             0           1  0.03s           2023-10-20T17:08:14
================================================================================
[2023-10-20T17:08:59.316+0000] {manager.py:889} INFO - 
================================================================================
DAG File Processing Stats

File Path                            PID  Runtime      # DAGs    # Errors  Last Runtime    Last Run
---------------------------------  -----  ---------  --------  ----------  --------------  -------------------
/opt/airflow/dags/rss_news_dag.py    162  0.01s             0           1  0.04s           2023-10-20T17:08:44
================================================================================
[2023-10-20T17:09:29.470+0000] {manager.py:889} INFO - 
================================================================================
DAG File Processing Stats

File Path                            PID  Runtime      # DAGs    # Errors  Last Runtime    Last Run
---------------------------------  -----  ---------  --------  ----------  --------------  -------------------
/opt/airflow/dags/rss_news_dag.py    185  0.01s             0           1  0.04s           2023-10-20T17:09:14
================================================================================
[2023-10-20T17:09:59.618+0000] {manager.py:889} INFO - 
================================================================================
DAG File Processing Stats

File Path                            PID  Runtime      # DAGs    # Errors  Last Runtime    Last Run
---------------------------------  -----  ---------  --------  ----------  --------------  -------------------
/opt/airflow/dags/rss_news_dag.py    200  0.00s             0           1  0.04s           2023-10-20T17:09:44
================================================================================
[2023-10-20T17:10:28.751+0000] {manager.py:758} INFO - Searching for files in /opt/airflow/dags
[2023-10-20T17:10:28.756+0000] {manager.py:761} INFO - There are 1 files in /opt/airflow/dags
[2023-10-20T17:10:29.779+0000] {manager.py:889} INFO - 
================================================================================
DAG File Processing Stats

File Path                            PID  Runtime      # DAGs    # Errors  Last Runtime    Last Run
---------------------------------  -----  ---------  --------  ----------  --------------  -------------------
/opt/airflow/dags/rss_news_dag.py    221  0.01s             0           1  0.03s           2023-10-20T17:10:14
================================================================================
[2023-10-20T17:10:59.943+0000] {manager.py:889} INFO - 
================================================================================
DAG File Processing Stats

File Path                            PID  Runtime      # DAGs    # Errors  Last Runtime    Last Run
---------------------------------  -----  ---------  --------  ----------  --------------  -------------------
/opt/airflow/dags/rss_news_dag.py    243  0.02s             0           1  0.03s           2023-10-20T17:10:44
================================================================================
[2023-10-20T17:11:30.088+0000] {manager.py:889} INFO - 
================================================================================
DAG File Processing Stats

File Path                            PID  Runtime      # DAGs    # Errors  Last Runtime    Last Run
---------------------------------  -----  ---------  --------  ----------  --------------  -------------------
/opt/airflow/dags/rss_news_dag.py    258  0.01s             0           1  0.04s           2023-10-20T17:11:15
================================================================================
[2023-10-20T17:12:00.230+0000] {manager.py:889} INFO - 
================================================================================
DAG File Processing Stats

File Path                            PID  Runtime      # DAGs    # Errors  Last Runtime    Last Run
---------------------------------  -----  ---------  --------  ----------  --------------  -------------------
/opt/airflow/dags/rss_news_dag.py    282  0.00s             0           1  0.04s           2023-10-20T17:11:45
================================================================================
[2023-10-20T17:12:30.376+0000] {manager.py:889} INFO - 
================================================================================
DAG File Processing Stats

File Path                            PID  Runtime      # DAGs    # Errors  Last Runtime    Last Run
---------------------------------  -----  ---------  --------  ----------  --------------  -------------------
/opt/airflow/dags/rss_news_dag.py    298  0.00s             0           1  0.05s           2023-10-20T17:12:15
================================================================================
[2023-10-20T17:13:00.514+0000] {manager.py:889} INFO - 
================================================================================
DAG File Processing Stats

File Path                          PID    Runtime      # DAGs    # Errors  Last Runtime    Last Run
---------------------------------  -----  ---------  --------  ----------  --------------  -------------------
/opt/airflow/dags/rss_news_dag.py                           0           1  0.07s           2023-10-20T17:12:45
================================================================================
[2023-10-20T17:13:30.725+0000] {manager.py:889} INFO - 
================================================================================
DAG File Processing Stats

File Path                            PID  Runtime      # DAGs    # Errors  Last Runtime    Last Run
---------------------------------  -----  ---------  --------  ----------  --------------  -------------------
/opt/airflow/dags/rss_news_dag.py    337  0.01s             0           1  0.03s           2023-10-20T17:13:15
================================================================================
[2023-10-20T17:14:00.861+0000] {manager.py:889} INFO - 
================================================================================
DAG File Processing Stats

File Path                            PID  Runtime      # DAGs    # Errors  Last Runtime    Last Run
---------------------------------  -----  ---------  --------  ----------  --------------  -------------------
/opt/airflow/dags/rss_news_dag.py    352  0.00s             0           1  0.04s           2023-10-20T17:13:45
================================================================================
[2023-10-20T17:14:31.010+0000] {manager.py:889} INFO - 
================================================================================
DAG File Processing Stats

File Path                            PID  Runtime      # DAGs    # Errors  Last Runtime    Last Run
---------------------------------  -----  ---------  --------  ----------  --------------  -------------------
/opt/airflow/dags/rss_news_dag.py    375  0.00s             0           1  0.04s           2023-10-20T17:14:15
================================================================================
[2023-10-20T17:15:01.190+0000] {manager.py:889} INFO - 
================================================================================
DAG File Processing Stats

File Path                            PID  Runtime      # DAGs    # Errors  Last Runtime    Last Run
---------------------------------  -----  ---------  --------  ----------  --------------  -------------------
/opt/airflow/dags/rss_news_dag.py    398  0.04s             0           1  0.03s           2023-10-20T17:14:46
================================================================================
[2023-10-20T17:15:29.321+0000] {manager.py:758} INFO - Searching for files in /opt/airflow/dags
[2023-10-20T17:15:29.326+0000] {manager.py:761} INFO - There are 1 files in /opt/airflow/dags
[2023-10-20T17:15:31.351+0000] {manager.py:889} INFO - 
================================================================================
DAG File Processing Stats

File Path                            PID  Runtime      # DAGs    # Errors  Last Runtime    Last Run
---------------------------------  -----  ---------  --------  ----------  --------------  -------------------
/opt/airflow/dags/rss_news_dag.py    414  0.01s             0           1  0.03s           2023-10-20T17:15:16
================================================================================
[2023-10-20T17:16:01.483+0000] {manager.py:889} INFO - 
================================================================================
DAG File Processing Stats

File Path                          PID    Runtime      # DAGs    # Errors  Last Runtime    Last Run
---------------------------------  -----  ---------  --------  ----------  --------------  -------------------
/opt/airflow/dags/rss_news_dag.py                           0           1  0.07s           2023-10-20T17:15:46
================================================================================
[2023-10-20T17:16:31.708+0000] {manager.py:889} INFO - 
================================================================================
DAG File Processing Stats

File Path                            PID  Runtime      # DAGs    # Errors  Last Runtime    Last Run
---------------------------------  -----  ---------  --------  ----------  --------------  -------------------
/opt/airflow/dags/rss_news_dag.py    453  0.00s             0           1  0.04s           2023-10-20T17:16:16
================================================================================
[2023-10-20T17:17:01.832+0000] {manager.py:889} INFO - 
================================================================================
DAG File Processing Stats

File Path                            PID  Runtime      # DAGs    # Errors  Last Runtime    Last Run
---------------------------------  -----  ---------  --------  ----------  --------------  -------------------
/opt/airflow/dags/rss_news_dag.py    476  0.00s             0           1  0.03s           2023-10-20T17:16:46
================================================================================
[2023-10-20T17:17:31.979+0000] {manager.py:889} INFO - 
================================================================================
DAG File Processing Stats

File Path                            PID  Runtime      # DAGs    # Errors  Last Runtime    Last Run
---------------------------------  -----  ---------  --------  ----------  --------------  -------------------
/opt/airflow/dags/rss_news_dag.py    492  0.00s             0           1  0.03s           2023-10-20T17:17:16
================================================================================
[2023-10-20T17:18:02.109+0000] {manager.py:889} INFO - 
================================================================================
DAG File Processing Stats

File Path                            PID  Runtime      # DAGs    # Errors  Last Runtime    Last Run
---------------------------------  -----  ---------  --------  ----------  --------------  -------------------
/opt/airflow/dags/rss_news_dag.py    514  0.00s             0           1  0.03s           2023-10-20T17:17:47
================================================================================
[2023-10-20T17:18:32.260+0000] {manager.py:889} INFO - 
================================================================================
DAG File Processing Stats

File Path                            PID  Runtime      # DAGs    # Errors  Last Runtime    Last Run
---------------------------------  -----  ---------  --------  ----------  --------------  -------------------
/opt/airflow/dags/rss_news_dag.py    530  0.00s             0           1  0.03s           2023-10-20T17:18:17
================================================================================
[2023-10-20T17:19:02.408+0000] {manager.py:889} INFO - 
================================================================================
DAG File Processing Stats

File Path                            PID  Runtime      # DAGs    # Errors  Last Runtime    Last Run
---------------------------------  -----  ---------  --------  ----------  --------------  -------------------
/opt/airflow/dags/rss_news_dag.py    554  0.01s             0           1  0.03s           2023-10-20T17:18:47
================================================================================
[2023-10-20T17:19:32.554+0000] {manager.py:889} INFO - 
================================================================================
DAG File Processing Stats

File Path                            PID  Runtime      # DAGs    # Errors  Last Runtime    Last Run
---------------------------------  -----  ---------  --------  ----------  --------------  -------------------
/opt/airflow/dags/rss_news_dag.py    569  0.01s             0           1  0.05s           2023-10-20T17:19:17
================================================================================
[2023-10-20T17:20:02.701+0000] {manager.py:889} INFO - 
================================================================================
DAG File Processing Stats

File Path                            PID  Runtime      # DAGs    # Errors  Last Runtime    Last Run
---------------------------------  -----  ---------  --------  ----------  --------------  -------------------
/opt/airflow/dags/rss_news_dag.py    592  0.00s             0           1  0.04s           2023-10-20T17:19:47
================================================================================
[2023-10-20T17:20:29.840+0000] {manager.py:758} INFO - Searching for files in /opt/airflow/dags
[2023-10-20T17:20:29.843+0000] {manager.py:761} INFO - There are 1 files in /opt/airflow/dags
[2023-10-20T17:20:32.868+0000] {manager.py:889} INFO - 
================================================================================
DAG File Processing Stats

File Path                            PID  Runtime      # DAGs    # Errors  Last Runtime    Last Run
---------------------------------  -----  ---------  --------  ----------  --------------  -------------------
/opt/airflow/dags/rss_news_dag.py    608  0.00s             0           1  0.04s           2023-10-20T17:20:17
================================================================================
[2023-10-20T17:21:03.016+0000] {manager.py:889} INFO - 
================================================================================
DAG File Processing Stats

File Path                            PID  Runtime      # DAGs    # Errors  Last Runtime    Last Run
---------------------------------  -----  ---------  --------  ----------  --------------  -------------------
/opt/airflow/dags/rss_news_dag.py    631  0.00s             0           1  0.03s           2023-10-20T17:20:47
================================================================================
[2023-10-20T17:21:33.176+0000] {manager.py:889} INFO - 
================================================================================
DAG File Processing Stats

File Path                            PID  Runtime      # DAGs    # Errors  Last Runtime    Last Run
---------------------------------  -----  ---------  --------  ----------  --------------  -------------------
/opt/airflow/dags/rss_news_dag.py    647  0.00s             0           1  0.06s           2023-10-20T17:21:18
================================================================================
[2023-10-20T17:24:23.148+0000] {manager.py:487} INFO - Processing files using up to 2 processes at a time 
[2023-10-20T17:24:23.164+0000] {manager.py:488} INFO - Process each file at most once every 15 seconds
[2023-10-20T17:24:23.165+0000] {manager.py:489} INFO - Checking for new files in /opt/airflow/dags every 300 seconds
[2023-10-20T17:24:23.165+0000] {manager.py:758} INFO - Searching for files in /opt/airflow/dags
[2023-10-20T17:24:23.169+0000] {manager.py:761} INFO - There are 1 files in /opt/airflow/dags
[2023-10-20T17:24:23.284+0000] {manager.py:889} INFO - 
================================================================================
DAG File Processing Stats

File Path                            PID  Runtime      # DAGs    # Errors  Last Runtime    Last Run
---------------------------------  -----  ---------  --------  ----------  --------------  ----------
/opt/airflow/dags/rss_news_dag.py     30  0.04s             0           0
================================================================================
[2023-10-20T17:24:53.538+0000] {manager.py:889} INFO - 
================================================================================
DAG File Processing Stats

File Path                            PID  Runtime      # DAGs    # Errors  Last Runtime    Last Run
---------------------------------  -----  ---------  --------  ----------  --------------  -------------------
/opt/airflow/dags/rss_news_dag.py     45  0.00s             0           1  0.04s           2023-10-20T17:24:38
================================================================================
[2023-10-20T17:25:23.683+0000] {manager.py:889} INFO - 
================================================================================
DAG File Processing Stats

File Path                            PID  Runtime      # DAGs    # Errors  Last Runtime    Last Run
---------------------------------  -----  ---------  --------  ----------  --------------  -------------------
/opt/airflow/dags/rss_news_dag.py     67  0.00s             0           1  0.03s           2023-10-20T17:25:08
================================================================================
[2023-10-20T17:25:53.834+0000] {manager.py:889} INFO - 
================================================================================
DAG File Processing Stats

File Path                            PID  Runtime      # DAGs    # Errors  Last Runtime    Last Run
---------------------------------  -----  ---------  --------  ----------  --------------  -------------------
/opt/airflow/dags/rss_news_dag.py     84  0.01s             0           1  0.04s           2023-10-20T17:25:38
================================================================================
[2023-10-20T17:26:23.981+0000] {manager.py:889} INFO - 
================================================================================
DAG File Processing Stats

File Path                            PID  Runtime      # DAGs    # Errors  Last Runtime    Last Run
---------------------------------  -----  ---------  --------  ----------  --------------  -------------------
/opt/airflow/dags/rss_news_dag.py    107  0.00s             0           1  0.03s           2023-10-20T17:26:08
================================================================================
[2023-10-20T17:26:54.136+0000] {manager.py:889} INFO - 
================================================================================
DAG File Processing Stats

File Path                            PID  Runtime      # DAGs    # Errors  Last Runtime    Last Run
---------------------------------  -----  ---------  --------  ----------  --------------  -------------------
/opt/airflow/dags/rss_news_dag.py    123  0.01s             0           1  0.04s           2023-10-20T17:26:39
================================================================================
[2023-10-20T17:27:24.288+0000] {manager.py:889} INFO - 
================================================================================
DAG File Processing Stats

File Path                            PID  Runtime      # DAGs    # Errors  Last Runtime    Last Run
---------------------------------  -----  ---------  --------  ----------  --------------  -------------------
/opt/airflow/dags/rss_news_dag.py    146  0.01s             0           1  0.03s           2023-10-20T17:27:09
================================================================================
[2023-10-20T17:27:54.429+0000] {manager.py:889} INFO - 
================================================================================
DAG File Processing Stats

File Path                            PID  Runtime      # DAGs    # Errors  Last Runtime    Last Run
---------------------------------  -----  ---------  --------  ----------  --------------  -------------------
/opt/airflow/dags/rss_news_dag.py    162  0.00s             0           1  0.04s           2023-10-20T17:27:39
================================================================================
[2023-10-20T17:28:24.580+0000] {manager.py:889} INFO - 
================================================================================
DAG File Processing Stats

File Path                            PID  Runtime      # DAGs    # Errors  Last Runtime    Last Run
---------------------------------  -----  ---------  --------  ----------  --------------  -------------------
/opt/airflow/dags/rss_news_dag.py    184  0.01s             0           1  0.04s           2023-10-20T17:28:09
================================================================================
[2023-10-20T17:28:54.716+0000] {manager.py:889} INFO - 
================================================================================
DAG File Processing Stats

File Path                            PID  Runtime      # DAGs    # Errors  Last Runtime    Last Run
---------------------------------  -----  ---------  --------  ----------  --------------  -------------------
/opt/airflow/dags/rss_news_dag.py    206  0.00s             0           1  0.04s           2023-10-20T17:28:39
================================================================================
[2023-10-20T17:29:23.874+0000] {manager.py:758} INFO - Searching for files in /opt/airflow/dags
[2023-10-20T17:29:23.876+0000] {manager.py:761} INFO - There are 1 files in /opt/airflow/dags
[2023-10-20T17:29:24.888+0000] {manager.py:889} INFO - 
================================================================================
DAG File Processing Stats

File Path                            PID  Runtime      # DAGs    # Errors  Last Runtime    Last Run
---------------------------------  -----  ---------  --------  ----------  --------------  -------------------
/opt/airflow/dags/rss_news_dag.py    221  0.00s             0           1  0.04s           2023-10-20T17:29:09
================================================================================
[2023-10-20T17:29:55.025+0000] {manager.py:889} INFO - 
================================================================================
DAG File Processing Stats

File Path                            PID  Runtime      # DAGs    # Errors  Last Runtime    Last Run
---------------------------------  -----  ---------  --------  ----------  --------------  -------------------
/opt/airflow/dags/rss_news_dag.py    244  0.00s             0           1  0.03s           2023-10-20T17:29:39
================================================================================
[2023-10-20T17:30:25.163+0000] {manager.py:889} INFO - 
================================================================================
DAG File Processing Stats

File Path                            PID  Runtime      # DAGs    # Errors  Last Runtime    Last Run
---------------------------------  -----  ---------  --------  ----------  --------------  -------------------
/opt/airflow/dags/rss_news_dag.py    262  0.00s             0           1  0.03s           2023-10-20T17:30:10
================================================================================
[2023-10-20T17:30:55.306+0000] {manager.py:889} INFO - 
================================================================================
DAG File Processing Stats

File Path                            PID  Runtime      # DAGs    # Errors  Last Runtime    Last Run
---------------------------------  -----  ---------  --------  ----------  --------------  -------------------
/opt/airflow/dags/rss_news_dag.py    285  0.01s             0           1  0.03s           2023-10-20T17:30:40
================================================================================
[2023-10-20T17:31:25.460+0000] {manager.py:889} INFO - 
================================================================================
DAG File Processing Stats

File Path                            PID  Runtime      # DAGs    # Errors  Last Runtime    Last Run
---------------------------------  -----  ---------  --------  ----------  --------------  -------------------
/opt/airflow/dags/rss_news_dag.py    300  0.00s             0           1  0.04s           2023-10-20T17:31:10
================================================================================
[2023-10-20T17:31:55.586+0000] {manager.py:889} INFO - 
================================================================================
DAG File Processing Stats

File Path                            PID  Runtime      # DAGs    # Errors  Last Runtime    Last Run
---------------------------------  -----  ---------  --------  ----------  --------------  -------------------
/opt/airflow/dags/rss_news_dag.py    322  0.00s             0           1  0.03s           2023-10-20T17:31:40
================================================================================
[2023-10-20T17:32:25.727+0000] {manager.py:889} INFO - 
================================================================================
DAG File Processing Stats

File Path                            PID  Runtime      # DAGs    # Errors  Last Runtime    Last Run
---------------------------------  -----  ---------  --------  ----------  --------------  -------------------
/opt/airflow/dags/rss_news_dag.py    338  0.00s             0           1  0.04s           2023-10-20T17:32:10
================================================================================
[2023-10-20T17:32:55.869+0000] {manager.py:889} INFO - 
================================================================================
DAG File Processing Stats

File Path                            PID  Runtime      # DAGs    # Errors  Last Runtime    Last Run
---------------------------------  -----  ---------  --------  ----------  --------------  -------------------
/opt/airflow/dags/rss_news_dag.py    360  0.00s             0           1  0.04s           2023-10-20T17:32:40
================================================================================
[2023-10-20T17:33:26.017+0000] {manager.py:889} INFO - 
================================================================================
DAG File Processing Stats

File Path                            PID  Runtime      # DAGs    # Errors  Last Runtime    Last Run
---------------------------------  -----  ---------  --------  ----------  --------------  -------------------
/opt/airflow/dags/rss_news_dag.py    376  0.00s             0           1  0.03s           2023-10-20T17:33:10
================================================================================
[2023-10-20T17:33:56.155+0000] {manager.py:889} INFO - 
================================================================================
DAG File Processing Stats

File Path                            PID  Runtime      # DAGs    # Errors  Last Runtime    Last Run
---------------------------------  -----  ---------  --------  ----------  --------------  -------------------
/opt/airflow/dags/rss_news_dag.py    398  0.00s             0           1  0.03s           2023-10-20T17:33:41
================================================================================
[2023-10-20T17:34:24.280+0000] {manager.py:758} INFO - Searching for files in /opt/airflow/dags
[2023-10-20T17:34:24.287+0000] {manager.py:761} INFO - There are 1 files in /opt/airflow/dags
[2023-10-20T17:34:26.419+0000] {manager.py:889} INFO - 
================================================================================
DAG File Processing Stats

File Path                            PID  Runtime      # DAGs    # Errors  Last Runtime    Last Run
---------------------------------  -----  ---------  --------  ----------  --------------  -------------------
/opt/airflow/dags/rss_news_dag.py    415  0.05s             0           1  0.03s           2023-10-20T17:34:11
================================================================================
[2023-10-20T17:34:56.904+0000] {manager.py:889} INFO - 
================================================================================
DAG File Processing Stats

File Path                          PID    Runtime      # DAGs    # Errors  Last Runtime    Last Run
---------------------------------  -----  ---------  --------  ----------  --------------  -------------------
/opt/airflow/dags/rss_news_dag.py                           0           1  1.36s           2023-10-20T17:34:45
================================================================================
[2023-10-20T17:35:27.133+0000] {manager.py:889} INFO - 
================================================================================
DAG File Processing Stats

File Path                          PID    Runtime      # DAGs    # Errors  Last Runtime    Last Run
---------------------------------  -----  ---------  --------  ----------  --------------  -------------------
/opt/airflow/dags/rss_news_dag.py                           0           1  24.86s          2023-10-20T17:35:27
================================================================================
